<?xml version="1.0" encoding="UTF-8"?>
<!-- Generated by org.testng.reporters.JUnitXMLReporter -->
<testsuite ignored="0" hostname="DESKTOP-RD684SU" failures="1" tests="1" name="Surefire test" time="0.137" errors="0" timestamp="2024-02-13T20:12:22 IST">
  <testcase classname="TestCases.loginpageTest" name="interviewTest" time="0.015">
    <failure type="java.lang.RuntimeException" message="Test not implemented">
      <![CDATA[java.lang.RuntimeException: Test not implemented
at TestCases.loginpageTest.interviewTest(loginpageTest.java:9)
at java.base/java.util.ArrayList.forEach(ArrayList.java:1511)
... Removed 32 stack frames]]>
    </failure>
  </testcase> <!-- interviewTest -->
</testsuite> <!-- Surefire test -->
